TN:
SF:src\App.jsx
FN:7,App
FN:18,(anonymous_1)
FN:24,(anonymous_2)
FN:25,(anonymous_3)
FN:27,(anonymous_4)
FN:28,(anonymous_5)
FN:33,(anonymous_6)
FN:69,(anonymous_7)
FN:72,(anonymous_8)
FN:77,(anonymous_9)
FN:83,(anonymous_10)
FN:94,(anonymous_11)
FN:97,(anonymous_12)
FN:122,(anonymous_13)
FN:198,(anonymous_14)
FNF:15
FNH:5
FNDA:5,App
FNDA:0,(anonymous_1)
FNDA:0,(anonymous_2)
FNDA:0,(anonymous_3)
FNDA:0,(anonymous_4)
FNDA:0,(anonymous_5)
FNDA:1,(anonymous_6)
FNDA:0,(anonymous_7)
FNDA:0,(anonymous_8)
FNDA:0,(anonymous_9)
FNDA:3,(anonymous_10)
FNDA:20,(anonymous_11)
FNDA:0,(anonymous_12)
FNDA:1,(anonymous_13)
FNDA:0,(anonymous_14)
DA:8,5
DA:9,5
DA:10,5
DA:11,5
DA:12,5
DA:13,5
DA:14,5
DA:15,5
DA:16,5
DA:18,5
DA:19,0
DA:20,0
DA:21,0
DA:24,5
DA:25,0
DA:26,0
DA:27,0
DA:28,0
DA:29,0
DA:33,5
DA:34,1
DA:35,1
DA:36,1
DA:37,1
DA:39,1
DA:40,1
DA:41,0
DA:42,0
DA:44,0
DA:45,0
DA:46,0
DA:50,1
DA:51,0
DA:52,0
DA:53,0
DA:56,1
DA:57,1
DA:60,1
DA:62,0
DA:63,0
DA:65,1
DA:69,5
DA:70,0
DA:71,0
DA:72,0
DA:73,0
DA:74,0
DA:77,5
DA:78,0
DA:79,0
DA:80,0
DA:83,5
DA:84,3
DA:85,1
DA:89,5
DA:95,20
DA:97,0
DA:122,1
DA:198,0
LF:59
LH:31
BRDA:40,0,0,0
BRDA:40,0,1,1
BRDA:50,1,0,0
BRDA:50,1,1,1
BRDA:78,2,0,0
BRDA:78,2,1,0
BRDA:78,3,0,0
BRDA:78,3,1,0
BRDA:84,4,0,1
BRDA:84,4,1,2
BRDA:104,5,0,5
BRDA:104,5,1,15
BRDA:105,6,0,5
BRDA:105,6,1,15
BRDA:109,7,0,5
BRDA:109,7,1,15
BRDA:118,8,0,5
BRDA:118,8,1,0
BRDA:118,8,2,5
BRDA:138,9,0,5
BRDA:138,9,1,0
BRDA:145,10,0,1
BRDA:145,10,1,4
BRDA:154,11,0,1
BRDA:154,11,1,4
BRDA:159,12,0,5
BRDA:159,12,1,0
BRDA:162,13,0,5
BRDA:162,13,1,1
BRDA:165,14,0,1
BRDA:165,14,1,1
BRDA:173,15,0,1
BRDA:173,15,1,0
BRDA:181,16,0,1
BRDA:181,16,1,0
BRDA:184,17,0,0
BRDA:184,17,1,0
BRDA:185,18,0,0
BRDA:185,18,1,0
BRDA:190,19,0,1
BRDA:190,19,1,0
BRDA:193,20,0,0
BRDA:193,20,1,0
BRDA:225,21,0,0
BRDA:225,21,1,0
BRDA:240,22,0,0
BRDA:240,22,1,0
BRF:47
BRH:25
end_of_record
TN:
SF:src\hooks\useAnalyze.jsx
FN:3,useAnalyze
FNF:1
FNH:1
FNDA:2,useAnalyze
DA:4,2
DA:5,2
LF:2
LH:2
BRF:0
BRH:0
end_of_record
